#
# A fatal error has been detected by the Java Runtime Environment:
#
#  EXCEPTION_ACCESS_VIOLATION (0xc0000005) at pc=0x000000005f800000, pid=16156, tid=0x00000000000035d4
#
# JRE version: Java(TM) SE Runtime Environment (8.0_192-b12) (build 1.8.0_192-b12)
# Java VM: Java HotSpot(TM) 64-Bit Server VM (25.192-b12 mixed mode windows-amd64 compressed oops)
# Problematic frame:
# C  0x000000005f800000
#
# Failed to write core dump. Minidumps are not enabled by default on client versions of Windows
#
# If you would like to submit a bug report, please visit:
#   http://bugreport.java.com/bugreport/crash.jsp
# The crash happened outside the Java Virtual Machine in native code.
# See problematic frame for where to report the bug.
#

---------------  T H R E A D  ---------------

Current thread (0x000000001e7e1000):  JavaThread "Finalizer" daemon [_thread_in_native, id=13780, stack(0x000000001ecc0000,0x000000001edc0000)]

siginfo: ExceptionCode=0xc0000005, ExceptionInformation=0x0000000000000008 0x000000005f800000

Registers:
RAX=0x00007ffce3dc6cf8, RBX=0x00000000280cfa08, RCX=0x0000000026ce77d0, RDX=0x00000000268ce710
RSP=0x000000001edbe858, RBP=0x000000001edbec70, RSI=0x00000000288bdf10, RDI=0x000000076b76f450
R8 =0x0000000026adc440, R9 =0x00000000268ce010, R10=0x00000000ffffffff, R11=0x000000001edbe450
R12=0x0000000000000000, R13=0x00000000280cfa08, R14=0x000000001edbeca0, R15=0x000000001e7e1000
RIP=0x000000005f800000, EFLAGS=0x0000000000010202

Top of Stack: (sp=0x000000001edbe858)
0x000000001edbe858:   00007ffce3d533ee 0000000026ce77d0
0x000000001edbe868:   00007ffce3cc9496 0000000000fec418
0x000000001edbe878:   0000000000000002 0000000000000000
0x000000001edbe888:   0000000026ce77d0 0000000026b28f50
0x000000001edbe898:   0000000026ce77d0 000000001e7e1000
0x000000001edbe8a8:   00007ffce3cc797f 0000000026a6ca50
0x000000001edbe8b8:   00000000268ce710 00000000268ce010
0x000000001edbe8c8:   0000000026adc440 ffffffff00000002
0x000000001edbe8d8:   0000000300000002 0000000e0000000e
0x000000001edbe8e8:   0000000026c40ff0 0000000600000006
0x000000001edbe8f8:   75deb78e75deb78e 0000000000000001
0x000000001edbe908:   0000000000000000 0000000026c41030
0x000000001edbe918:   00007ffce3d44f9a 0000000026b16e10
0x000000001edbe928:   0000000026b16e08 0000000026c41030
0x000000001edbe938:   0000000026b16e08 0000000026b159f8
0x000000001edbe948:   0000000026b71250 0000000000000001 

Instructions: (pc=0x000000005f800000)
0x000000005f7fffe0:   
[error occurred during error reporting (printing registers, top of stack, instructions near pc), id 0xc0000005]

Register to memory mapping:

RAX=0x00007ffce3dc6cf8 is an unknown value
RBX={method} {0x00000000280cfa10} 'finalizeNative' '(J)V' in 'com/jme3/bullet/PhysicsSpace'
RCX=0x0000000026ce77d0 is an unknown value
RDX=0x00000000268ce710 is an unknown value
RSP=0x000000001edbe858 is pointing into the stack for thread: 0x000000001e7e1000
RBP=0x000000001edbec70 is pointing into the stack for thread: 0x000000001e7e1000
RSI=0x00000000288bdf10 is pointing into metadata
RDI=0x000000076b76f450 is an oop
java.lang.String 
 - klass: 'java/lang/String'
R8 =0x0000000026adc440 is an unknown value
R9 =0x00000000268ce010 is an unknown value
R10=0x00000000ffffffff is an unknown value
R11=0x000000001edbe450 is pointing into the stack for thread: 0x000000001e7e1000
R12=0x0000000000000000 is an unknown value
R13={method} {0x00000000280cfa10} 'finalizeNative' '(J)V' in 'com/jme3/bullet/PhysicsSpace'
R14=0x000000001edbeca0 is pointing into the stack for thread: 0x000000001e7e1000
R15=0x000000001e7e1000 is a thread


Stack: [0x000000001ecc0000,0x000000001edc0000],  sp=0x000000001edbe858,  free space=1018k
Native frames: (J=compiled Java code, j=interpreted, Vv=VM code, C=native code)
C  0x000000005f800000

Java frames: (J=compiled Java code, j=interpreted, Vv=VM code)
j  com.jme3.bullet.PhysicsSpace.finalizeNative(J)V+0
j  com.jme3.bullet.PhysicsSpace.finalize()V+34
J 1607 C1 java.lang.ref.Finalizer.runFinalizer(Lsun/misc/JavaLangAccess;)V (62 bytes) @ 0x0000000003530494 [0x000000000352ff00+0x594]
J 1606 C1 java.lang.ref.Finalizer.access$100(Ljava/lang/ref/Finalizer;Lsun/misc/JavaLangAccess;)V (6 bytes) @ 0x000000000352fb9c [0x000000000352fb40+0x5c]
j  java.lang.ref.Finalizer$FinalizerThread.run()V+45
v  ~StubRoutines::call_stub

---------------  P R O C E S S  ---------------

Java Threads: ( => current thread )
  0x0000000027a85800 JavaThread "AWT-EventQueue-0" [_thread_blocked, id=6164, stack(0x000000002dc20000,0x000000002dd20000)]
  0x0000000027a85000 JavaThread "AWT-Shutdown" [_thread_blocked, id=748, stack(0x000000002b2a0000,0x000000002b3a0000)]
  0x0000000002ed2800 JavaThread "DestroyJavaVM" [_thread_blocked, id=16236, stack(0x0000000002d20000,0x0000000002e20000)]
  0x000000001fc71000 JavaThread "TimerQueue" daemon [_thread_blocked, id=3596, stack(0x00000000216b0000,0x00000000217b0000)]
  0x000000001fae7000 JavaThread "Image Fetcher 0" daemon [_thread_blocked, id=3728, stack(0x0000000020d70000,0x0000000020e70000)]
  0x000000001fa5e800 JavaThread "AWT-Windows" daemon [_thread_in_native, id=4664, stack(0x0000000020260000,0x0000000020360000)]
  0x000000001fa5d000 JavaThread "Java2D Disposer" daemon [_thread_blocked, id=9760, stack(0x0000000020060000,0x0000000020160000)]
  0x000000001e89d800 JavaThread "Service Thread" daemon [_thread_blocked, id=15400, stack(0x000000001f4f0000,0x000000001f5f0000)]
  0x000000001e80c800 JavaThread "C1 CompilerThread3" daemon [_thread_blocked, id=16308, stack(0x000000001f3f0000,0x000000001f4f0000)]
  0x000000001e805800 JavaThread "C2 CompilerThread2" daemon [_thread_blocked, id=12784, stack(0x000000001f2f0000,0x000000001f3f0000)]
  0x000000001e7f8000 JavaThread "C2 CompilerThread1" daemon [_thread_blocked, id=11764, stack(0x000000001f1f0000,0x000000001f2f0000)]
  0x000000001e7f4800 JavaThread "C2 CompilerThread0" daemon [_thread_blocked, id=11448, stack(0x000000001f0f0000,0x000000001f1f0000)]
  0x000000001e7f2800 JavaThread "Attach Listener" daemon [_thread_blocked, id=15928, stack(0x000000001eff0000,0x000000001f0f0000)]
  0x000000001e7f1800 JavaThread "Signal Dispatcher" daemon [_thread_blocked, id=5324, stack(0x000000001eef0000,0x000000001eff0000)]
=>0x000000001e7e1000 JavaThread "Finalizer" daemon [_thread_in_native, id=13780, stack(0x000000001ecc0000,0x000000001edc0000)]
  0x000000001c9ed800 JavaThread "Reference Handler" daemon [_thread_blocked, id=8940, stack(0x000000001ebc0000,0x000000001ecc0000)]

Other Threads:
  0x000000001c9e8000 VMThread [stack: 0x000000001e6c0000,0x000000001e7c0000] [id=12004]
  0x000000001e8b0800 WatcherThread [stack: 0x000000001f5f0000,0x000000001f6f0000] [id=12324]

VM state:not at safepoint (normal execution)

VM Mutex/Monitor currently owned by a thread: None

heap address: 0x00000006c1c00000, size: 4068 MB, Compressed Oops mode: Zero based, Oop shift amount: 3
Narrow klass base: 0x0000000000000000, Narrow klass shift: 3
Compressed class space size: 1073741824 Address: 0x00000007c0000000

Heap:
 PSYoungGen      total 141824K, used 5166K [0x000000076b400000, 0x000000077ec00000, 0x00000007c0000000)
  eden space 131072K, 3% used [0x000000076b400000,0x000000076b90b958,0x0000000773400000)
  from space 10752K, 0% used [0x0000000773400000,0x0000000773400000,0x0000000773e80000)
  to   space 28672K, 0% used [0x000000077d000000,0x000000077d000000,0x000000077ec00000)
 ParOldGen       total 100352K, used 6720K [0x00000006c1c00000, 0x00000006c7e00000, 0x000000076b400000)
  object space 100352K, 6% used [0x00000006c1c00000,0x00000006c22903f8,0x00000006c7e00000)
 Metaspace       used 21794K, capacity 22197K, committed 22444K, reserved 1069056K
  class space    used 2423K, capacity 2518K, committed 2560K, reserved 1048576K

Card table byte_map: [0x0000000012390000,0x0000000012b90000] byte_map_base: 0x000000000ed82000

Marking Bits: (ParMarkBitMap*) 0x000000005b9c3ce0
 Begin Bits: [0x00000000138e0000, 0x0000000017870000)
 End Bits:   [0x0000000017870000, 0x000000001b800000)

Polling page: 0x00000000014a0000

CodeCache: size=245760Kb used=10110Kb max_used=10110Kb free=235649Kb
 bounds [0x0000000002fd0000, 0x00000000039c0000, 0x0000000011fd0000]
 total_blobs=3650 nmethods=2983 adapters=579
 compilation: enabled

Compilation events (10 events):
Event: 3.980 Thread 0x000000001e80c800 nmethod 2941 0x0000000003979590 code [0x0000000003979700, 0x00000000039798a8]
Event: 3.986 Thread 0x000000001e80c800 2942       3       java.awt.EventQueue$4::run (5 bytes)
Event: 3.986 Thread 0x000000001e80c800 nmethod 2942 0x0000000003978850 code [0x0000000003978a40, 0x0000000003979118]
Event: 3.986 Thread 0x000000001e80c800 2943       3       java.awt.EventQueue$4::run (19 bytes)
Event: 3.986 Thread 0x000000001e80c800 nmethod 2943 0x000000000397a910 code [0x000000000397ab00, 0x000000000397b138]
Event: 3.987 Thread 0x000000001e80c800 2944       3       java.awt.EventQueue::getAccessControlContextFrom (53 bytes)
Event: 3.987 Thread 0x000000001e80c800 nmethod 2944 0x000000000397b510 code [0x000000000397b700, 0x000000000397c228]
Event: 3.987 Thread 0x000000001e80c800 2945       3       sun.awt.SunToolkit::isTouchKeyboardAutoShowEnabled (4 bytes)
Event: 3.987 Thread 0x000000001e80c800 nmethod 2945 0x0000000003955050 code [0x00000000039551a0, 0x00000000039552f0]
Event: 3.988 Thread 0x000000001e80c800 2946   !   3       java.awt.DefaultKeyboardFocusManager::dispatchEvent (1640 bytes)

GC Heap History (10 events):
Event: 2.225 GC heap before
{Heap before GC invocations=6 (full 2):
 PSYoungGen      total 76288K, used 76282K [0x000000076b400000, 0x0000000770900000, 0x00000007c0000000)
  eden space 65536K, 100% used [0x000000076b400000,0x000000076f400000,0x000000076f400000)
  from space 10752K, 99% used [0x000000076f400000,0x000000076fe7ea20,0x000000076fe80000)
  to   space 10752K, 0% used [0x000000076fe80000,0x000000076fe80000,0x0000000770900000)
 ParOldGen       total 175104K, used 8315K [0x00000006c1c00000, 0x00000006cc700000, 0x000000076b400000)
  object space 175104K, 4% used [0x00000006c1c00000,0x00000006c241ed08,0x00000006cc700000)
 Metaspace       used 20598K, capacity 20885K, committed 21120K, reserved 1069056K
  class space    used 2342K, capacity 2422K, committed 2432K, reserved 1048576K
Event: 2.231 GC heap after
Heap after GC invocations=6 (full 2):
 PSYoungGen      total 76288K, used 10735K [0x000000076b400000, 0x0000000774900000, 0x00000007c0000000)
  eden space 65536K, 0% used [0x000000076b400000,0x000000076b400000,0x000000076f400000)
  from space 10752K, 99% used [0x000000076fe80000,0x00000007708fbe00,0x0000000770900000)
  to   space 10752K, 0% used [0x000000076f400000,0x000000076f400000,0x000000076fe80000)
 ParOldGen       total 175104K, used 8356K [0x00000006c1c00000, 0x00000006cc700000, 0x000000076b400000)
  object space 175104K, 4% used [0x00000006c1c00000,0x00000006c2429298,0x00000006cc700000)
 Metaspace       used 20598K, capacity 20885K, committed 21120K, reserved 1069056K
  class space    used 2342K, capacity 2422K, committed 2432K, reserved 1048576K
}
Event: 2.342 GC heap before
{Heap before GC invocations=7 (full 2):
 PSYoungGen      total 76288K, used 76271K [0x000000076b400000, 0x0000000774900000, 0x00000007c0000000)
  eden space 65536K, 100% used [0x000000076b400000,0x000000076f400000,0x000000076f400000)
  from space 10752K, 99% used [0x000000076fe80000,0x00000007708fbe00,0x0000000770900000)
  to   space 10752K, 0% used [0x000000076f400000,0x000000076f400000,0x000000076fe80000)
 ParOldGen       total 175104K, used 8356K [0x00000006c1c00000, 0x00000006cc700000, 0x000000076b400000)
  object space 175104K, 4% used [0x00000006c1c00000,0x00000006c2429298,0x00000006cc700000)
 Metaspace       used 20611K, capacity 20981K, committed 21248K, reserved 1069056K
  class space    used 2343K, capacity 2454K, committed 2560K, reserved 1048576K
Event: 2.356 GC heap after
Heap after GC invocations=7 (full 2):
 PSYoungGen      total 76288K, used 10727K [0x000000076b400000, 0x0000000774900000, 0x00000007c0000000)
  eden space 65536K, 0% used [0x000000076b400000,0x000000076b400000,0x000000076f400000)
  from space 10752K, 99% used [0x000000076f400000,0x000000076fe79f58,0x000000076fe80000)
  to   space 10752K, 0% used [0x0000000773e80000,0x0000000773e80000,0x0000000774900000)
 ParOldGen       total 175104K, used 27076K [0x00000006c1c00000, 0x00000006cc700000, 0x000000076b400000)
  object space 175104K, 15% used [0x00000006c1c00000,0x00000006c3671220,0x00000006cc700000)
 Metaspace       used 20611K, capacity 20981K, committed 21248K, reserved 1069056K
  class space    used 2343K, capacity 2454K, committed 2560K, reserved 1048576K
}
Event: 2.466 GC heap before
{Heap before GC invocations=8 (full 2):
 PSYoungGen      total 76288K, used 76263K [0x000000076b400000, 0x0000000774900000, 0x00000007c0000000)
  eden space 65536K, 100% used [0x000000076b400000,0x000000076f400000,0x000000076f400000)
  from space 10752K, 99% used [0x000000076f400000,0x000000076fe79f58,0x000000076fe80000)
  to   space 10752K, 0% used [0x0000000773e80000,0x0000000773e80000,0x0000000774900000)
 ParOldGen       total 175104K, used 27076K [0x00000006c1c00000, 0x00000006cc700000, 0x000000076b400000)
  object space 175104K, 15% used [0x00000006c1c00000,0x00000006c3671220,0x00000006cc700000)
 Metaspace       used 20631K, capacity 21045K, committed 21248K, reserved 1069056K
  class space    used 2343K, capacity 2454K, committed 2560K, reserved 1048576K
Event: 2.478 GC heap after
Heap after GC invocations=8 (full 2):
 PSYoungGen      total 141824K, used 10751K [0x000000076b400000, 0x0000000774900000, 0x00000007c0000000)
  eden space 131072K, 0% used [0x000000076b400000,0x000000076b400000,0x0000000773400000)
  from space 10752K, 99% used [0x0000000773e80000,0x00000007748ffde0,0x0000000774900000)
  to   space 10752K, 0% used [0x0000000773400000,0x0000000773400000,0x0000000773e80000)
 ParOldGen       total 175104K, used 34361K [0x00000006c1c00000, 0x00000006cc700000, 0x000000076b400000)
  object space 175104K, 19% used [0x00000006c1c00000,0x00000006c3d8e7a0,0x00000006cc700000)
 Metaspace       used 20631K, capacity 21045K, committed 21248K, reserved 1069056K
  class space    used 2343K, capacity 2454K, committed 2560K, reserved 1048576K
}
Event: 3.989 GC heap before
{Heap before GC invocations=9 (full 2):
 PSYoungGen      total 141824K, used 66866K [0x000000076b400000, 0x0000000774900000, 0x00000007c0000000)
  eden space 131072K, 42% used [0x000000076b400000,0x000000076eaccb30,0x0000000773400000)
  from space 10752K, 99% used [0x0000000773e80000,0x00000007748ffde0,0x0000000774900000)
  to   space 10752K, 0% used [0x0000000773400000,0x0000000773400000,0x0000000773e80000)
 ParOldGen       total 175104K, used 34361K [0x00000006c1c00000, 0x00000006cc700000, 0x000000076b400000)
  object space 175104K, 19% used [0x00000006c1c00000,0x00000006c3d8e7a0,0x00000006cc700000)
 Metaspace       used 21726K, capacity 22069K, committed 22188K, reserved 1069056K
  class space    used 2423K, capacity 2518K, committed 2560K, reserved 1048576K
Event: 3.997 GC heap after
Heap after GC invocations=9 (full 2):
 PSYoungGen      total 141824K, used 10734K [0x000000076b400000, 0x000000077ec00000, 0x00000007c0000000)
  eden space 131072K, 0% used [0x000000076b400000,0x000000076b400000,0x0000000773400000)
  from space 10752K, 99% used [0x0000000773400000,0x0000000773e7ba90,0x0000000773e80000)
  to   space 28672K, 0% used [0x000000077d000000,0x000000077d000000,0x000000077ec00000)
 ParOldGen       total 175104K, used 36843K [0x00000006c1c00000, 0x00000006cc700000, 0x000000076b400000)
  object space 175104K, 21% used [0x00000006c1c00000,0x00000006c3ffaf08,0x00000006cc700000)
 Metaspace       used 21726K, capacity 22069K, committed 22188K, reserved 1069056K
  class space    used 2423K, capacity 2518K, committed 2560K, reserved 1048576K
}
Event: 3.997 GC heap before
{Heap before GC invocations=10 (full 3):
 PSYoungGen      total 141824K, used 10734K [0x000000076b400000, 0x000000077ec00000, 0x00000007c0000000)
  eden space 131072K, 0% used [0x000000076b400000,0x000000076b400000,0x0000000773400000)
  from space 10752K, 99% used [0x0000000773400000,0x0000000773e7ba90,0x0000000773e80000)
  to   space 28672K, 0% used [0x000000077d000000,0x000000077d000000,0x000000077ec00000)
 ParOldGen       total 175104K, used 36843K [0x00000006c1c00000, 0x00000006cc700000, 0x000000076b400000)
  object space 175104K, 21% used [0x00000006c1c00000,0x00000006c3ffaf08,0x00000006cc700000)
 Metaspace       used 21726K, capacity 22069K, committed 22188K, reserved 1069056K
  class space    used 2423K, capacity 2518K, committed 2560K, reserved 1048576K
Event: 4.032 GC heap after
Heap after GC invocations=10 (full 3):
 PSYoungGen      total 141824K, used 0K [0x000000076b400000, 0x000000077ec00000, 0x00000007c0000000)
  eden space 131072K, 0% used [0x000000076b400000,0x000000076b400000,0x0000000773400000)
  from space 10752K, 0% used [0x0000000773400000,0x0000000773400000,0x0000000773e80000)
  to   space 28672K, 0% used [0x000000077d000000,0x000000077d000000,0x000000077ec00000)
 ParOldGen       total 100352K, used 6720K [0x00000006c1c00000, 0x00000006c7e00000, 0x000000076b400000)
  object space 100352K, 6% used [0x00000006c1c00000,0x00000006c22903f8,0x00000006c7e00000)
 Metaspace       used 21726K, capacity 22069K, committed 22188K, reserved 1069056K
  class space    used 2423K, capacity 2518K, committed 2560K, reserved 1048576K
}

Deoptimization events (10 events):
Event: 3.476 Thread 0x000000001fd2f800 Uncommon trap: reason=class_check action=maybe_recompile pc=0x000000000369afa0 method=java.util.HashMap.removeNode(ILjava/lang/Object;Ljava/lang/Object;ZZ)Ljava/util/HashMap$Node; @ 68
Event: 3.477 Thread 0x000000001fd2f800 Uncommon trap: reason=class_check action=maybe_recompile pc=0x000000000369afa0 method=java.util.HashMap.removeNode(ILjava/lang/Object;Ljava/lang/Object;ZZ)Ljava/util/HashMap$Node; @ 68
Event: 3.477 Thread 0x000000001fd2f800 Uncommon trap: reason=class_check action=maybe_recompile pc=0x0000000003697848 method=java.util.HashMap.removeNode(ILjava/lang/Object;Ljava/lang/Object;ZZ)Ljava/util/HashMap$Node; @ 68
Event: 3.478 Thread 0x0000000027a85800 Uncommon trap: reason=unstable_if action=reinterpret pc=0x00000000036a4978 method=java.util.ArrayList.toArray([Ljava/lang/Object;)[Ljava/lang/Object; @ 6
Event: 3.482 Thread 0x0000000027a85800 Uncommon trap: reason=predicate action=maybe_recompile pc=0x000000000342bc40 method=java.nio.charset.CharsetDecoder.decode(Ljava/nio/ByteBuffer;Ljava/nio/CharBuffer;Z)Ljava/nio/charset/CoderResult; @ 54
Event: 3.489 Thread 0x000000001fd2f800 Uncommon trap: reason=unstable_if action=reinterpret pc=0x000000000395a264 method=java.util.HashMap.removeNode(ILjava/lang/Object;Ljava/lang/Object;ZZ)Ljava/util/HashMap$Node; @ 7
Event: 3.489 Thread 0x000000001fd2f800 Uncommon trap: reason=unstable_if action=reinterpret pc=0x0000000003958aac method=java.util.HashMap.removeNode(ILjava/lang/Object;Ljava/lang/Object;ZZ)Ljava/util/HashMap$Node; @ 7
Event: 3.489 Thread 0x000000001fd2f800 Uncommon trap: reason=unstable_if action=reinterpret pc=0x00000000033a1240 method=java.nio.Buffer.limit(I)Ljava/nio/Buffer; @ 33
Event: 3.509 Thread 0x000000001fd2f800 Uncommon trap: reason=unstable_if action=reinterpret pc=0x000000000369c308 method=java.util.ArrayList.remove(I)Ljava/lang/Object; @ 31
Event: 3.510 Thread 0x000000001fd2f800 Uncommon trap: reason=class_check action=maybe_recompile pc=0x00000000036a3b34 method=java.util.AbstractCollection.toArray()[Ljava/lang/Object; @ 1

Classes redefined (0 events):
No events

Internal exceptions (10 events):
Event: 1.467 Thread 0x000000001fd2f800 Exception <a 'java/security/PrivilegedActionException'> (0x000000076c4b9540) thrown at [C:\workspace\8-2-build-windows-amd64-cygwin\jdk8u192\11897\hotspot\src\share\vm\prims\jvm.cpp, line 1435]
Event: 1.467 Thread 0x000000001fd2f800 Exception <a 'java/security/PrivilegedActionException'> (0x000000076c4bb0b0) thrown at [C:\workspace\8-2-build-windows-amd64-cygwin\jdk8u192\11897\hotspot\src\share\vm\prims\jvm.cpp, line 1435]
Event: 1.467 Thread 0x000000001fd2f800 Exception <a 'java/security/PrivilegedActionException'> (0x000000076c4bc1d0) thrown at [C:\workspace\8-2-build-windows-amd64-cygwin\jdk8u192\11897\hotspot\src\share\vm\prims\jvm.cpp, line 1435]
Event: 1.467 Thread 0x000000001fd2f800 Exception <a 'java/security/PrivilegedActionException'> (0x000000076c4c12f0) thrown at [C:\workspace\8-2-build-windows-amd64-cygwin\jdk8u192\11897\hotspot\src\share\vm\prims\jvm.cpp, line 1435]
Event: 1.467 Thread 0x000000001fd2f800 Exception <a 'java/security/PrivilegedActionException'> (0x000000076c4c1f48) thrown at [C:\workspace\8-2-build-windows-amd64-cygwin\jdk8u192\11897\hotspot\src\share\vm\prims\jvm.cpp, line 1435]
Event: 1.467 Thread 0x000000001fd2f800 Exception <a 'java/security/PrivilegedActionException'> (0x000000076c4c2b70) thrown at [C:\workspace\8-2-build-windows-amd64-cygwin\jdk8u192\11897\hotspot\src\share\vm\prims\jvm.cpp, line 1435]
Event: 2.649 Thread 0x000000001fd2f800 Implicit null exception at 0x0000000003683a0c to 0x0000000003683a51
Event: 3.489 Thread 0x000000001fd2f800 Implicit null exception at 0x0000000003959e39 to 0x000000000395a24d
Event: 3.489 Thread 0x000000001fd2f800 Implicit null exception at 0x0000000003958528 to 0x0000000003958a6d
Event: 3.510 Thread 0x000000001ff43000 Exception <a 'java/lang/InterruptedException': sleep interrupted> (0x000000076e6cb9c0) thrown at [C:\workspace\8-2-build-windows-amd64-cygwin\jdk8u192\11897\hotspot\src\share\vm\prims\jvm.cpp, line 3273]

Events (10 events):
Event: 3.516 loading class javax/swing/ActionPropertyChangeListener$OwnedWeakReference done
Event: 3.521 Thread 0x000000001fd2f800 Thread exited: 0x000000001fd2f800
Event: 3.523 loading class sun/awt/windows/WDialogPeer
Event: 3.523 loading class java/awt/peer/DialogPeer
Event: 3.523 loading class java/awt/peer/DialogPeer done
Event: 3.523 loading class sun/awt/windows/WDialogPeer done
Event: 3.556 loading class javax/swing/JLayer
Event: 3.556 loading class javax/swing/JLayer done
Event: 3.988 Executing VM operation: CollectForMetadataAllocation
Event: 4.032 Executing VM operation: CollectForMetadataAllocation done


Dynamic libraries:
0x00007ff791460000 - 0x00007ff791497000 	D:\Programme\JMonkeyEngine\jdk\bin\java.exe
0x00007ffd2f360000 - 0x00007ffd2f54d000 	C:\WINDOWS\SYSTEM32\ntdll.dll
0x00007ffd2d590000 - 0x00007ffd2d643000 	C:\WINDOWS\System32\KERNEL32.DLL
0x00007ffd2b530000 - 0x00007ffd2b7c3000 	C:\WINDOWS\System32\KERNELBASE.dll
0x00007ffd2d310000 - 0x00007ffd2d3b3000 	C:\WINDOWS\System32\ADVAPI32.dll
0x00007ffd2d720000 - 0x00007ffd2d7be000 	C:\WINDOWS\System32\msvcrt.dll
0x00007ffd2c740000 - 0x00007ffd2c7de000 	C:\WINDOWS\System32\sechost.dll
0x00007ffd2dbe0000 - 0x00007ffd2dd02000 	C:\WINDOWS\System32\RPCRT4.dll
0x00007ffd2d0a0000 - 0x00007ffd2d237000 	C:\WINDOWS\System32\USER32.dll
0x00007ffd2c210000 - 0x00007ffd2c230000 	C:\WINDOWS\System32\win32u.dll
0x00007ffd2d6c0000 - 0x00007ffd2d6e9000 	C:\WINDOWS\System32\GDI32.dll
0x00007ffd2c2f0000 - 0x00007ffd2c48a000 	C:\WINDOWS\System32\gdi32full.dll
0x00007ffd2c230000 - 0x00007ffd2c2d0000 	C:\WINDOWS\System32\msvcp_win.dll
0x00007ffd2c490000 - 0x00007ffd2c58a000 	C:\WINDOWS\System32\ucrtbase.dll
0x00007ffd1abf0000 - 0x00007ffd1ae69000 	C:\WINDOWS\WinSxS\amd64_microsoft.windows.common-controls_6595b64144ccf1df_6.0.17763.503_none_05b23ef40721f4ae\COMCTL32.dll
0x00007ffd2d850000 - 0x00007ffd2db7c000 	C:\WINDOWS\System32\combase.dll
0x00007ffd2c100000 - 0x00007ffd2c17e000 	C:\WINDOWS\System32\bcryptPrimitives.dll
0x00007ffd2d6f0000 - 0x00007ffd2d71e000 	C:\WINDOWS\System32\IMM32.DLL
0x000000005ca80000 - 0x000000005cb51000 	D:\Programme\JMonkeyEngine\jdk\jre\bin\msvcr100.dll
0x000000005b1a0000 - 0x000000005ba43000 	D:\Programme\JMonkeyEngine\jdk\jre\bin\server\jvm.dll
0x00007ffd2d240000 - 0x00007ffd2d248000 	C:\WINDOWS\System32\PSAPI.DLL
0x00007ffd13d40000 - 0x00007ffd13d49000 	C:\WINDOWS\SYSTEM32\WSOCK32.dll
0x00007ffd24360000 - 0x00007ffd24384000 	C:\WINDOWS\SYSTEM32\WINMM.dll
0x00007ffd22ff0000 - 0x00007ffd22ffa000 	C:\WINDOWS\SYSTEM32\VERSION.dll
0x00007ffd2d650000 - 0x00007ffd2d6bd000 	C:\WINDOWS\System32\WS2_32.dll
0x00007ffd24120000 - 0x00007ffd2414d000 	C:\WINDOWS\SYSTEM32\winmmbase.dll
0x00007ffd2b430000 - 0x00007ffd2b47a000 	C:\WINDOWS\System32\cfgmgr32.dll
0x00007ffd24080000 - 0x00007ffd2408f000 	D:\Programme\JMonkeyEngine\jdk\jre\bin\verify.dll
0x00007ffd1e640000 - 0x00007ffd1e669000 	D:\Programme\JMonkeyEngine\jdk\jre\bin\java.dll
0x00007ffd1e620000 - 0x00007ffd1e636000 	D:\Programme\JMonkeyEngine\jdk\jre\bin\zip.dll
0x00007ffd2dd70000 - 0x00007ffd2f260000 	C:\WINDOWS\System32\SHELL32.dll
0x00007ffd2cf70000 - 0x00007ffd2d018000 	C:\WINDOWS\System32\shcore.dll
0x00007ffd2b7d0000 - 0x00007ffd2bf1a000 	C:\WINDOWS\System32\windows.storage.dll
0x00007ffd2b380000 - 0x00007ffd2b3a4000 	C:\WINDOWS\System32\profapi.dll
0x00007ffd2b3d0000 - 0x00007ffd2b42d000 	C:\WINDOWS\System32\powrprof.dll
0x00007ffd2db80000 - 0x00007ffd2dbd2000 	C:\WINDOWS\System32\shlwapi.dll
0x00007ffd2b360000 - 0x00007ffd2b371000 	C:\WINDOWS\System32\kernel.appcore.dll
0x00007ffd2c2d0000 - 0x00007ffd2c2e7000 	C:\WINDOWS\System32\cryptsp.dll
0x00007ffcea8a0000 - 0x00007ffceaa39000 	D:\Programme\JMonkeyEngine\jdk\jre\bin\awt.dll
0x00007ffd2f260000 - 0x00007ffd2f324000 	C:\WINDOWS\System32\OLEAUT32.dll
0x00007ffd26290000 - 0x00007ffd2631c000 	C:\WINDOWS\SYSTEM32\apphelp.dll
0x00007ffd265b0000 - 0x00007ffd2664c000 	C:\WINDOWS\system32\uxtheme.dll
0x00007ffd2d3c0000 - 0x00007ffd2d52a000 	C:\WINDOWS\System32\MSCTF.dll
0x00007ffd26890000 - 0x00007ffd268be000 	C:\WINDOWS\system32\dwmapi.dll
0x00007ffd2bf20000 - 0x00007ffd2c0fb000 	C:\WINDOWS\System32\CRYPT32.dll
0x00007ffd2b3b0000 - 0x00007ffd2b3c2000 	C:\WINDOWS\System32\MSASN1.dll
0x00007ffd2cce0000 - 0x00007ffd2ce35000 	C:\WINDOWS\System32\ole32.dll
0x00007ffd07480000 - 0x00007ffd075a7000 	C:\WINDOWS\system32\opengl32.dll
0x00007ffd0cd60000 - 0x00007ffd0cd8c000 	C:\WINDOWS\SYSTEM32\GLU32.dll
0x00007ffd0c100000 - 0x00007ffd0c147000 	D:\Programme\JMonkeyEngine\jdk\jre\bin\fontmanager.dll
0x00007ffd1e5b0000 - 0x00007ffd1e5ca000 	D:\Programme\JMonkeyEngine\jdk\jre\bin\net.dll
0x00007ffd2abe0000 - 0x00007ffd2ac47000 	C:\WINDOWS\system32\mswsock.dll
0x00007ffd1e590000 - 0x00007ffd1e5a1000 	D:\Programme\JMonkeyEngine\jdk\jre\bin\nio.dll
0x00007ffcfd040000 - 0x00007ffcfd082000 	D:\Programme\JMonkeyEngine\jdk\jre\bin\t2k.dll
0x00007ffd0c170000 - 0x00007ffd0c205000 	C:\WINDOWS\System32\TextInputFramework.dll
0x00007ffd21480000 - 0x00007ffd217a2000 	C:\WINDOWS\System32\CoreUIComponents.dll
0x00007ffd26040000 - 0x00007ffd26122000 	C:\WINDOWS\System32\CoreMessaging.dll
0x00007ffd2a420000 - 0x00007ffd2a451000 	C:\WINDOWS\SYSTEM32\ntmarta.dll
0x00007ffd23a20000 - 0x00007ffd23b73000 	C:\WINDOWS\SYSTEM32\wintypes.dll
0x00007ffce3c40000 - 0x00007ffce3e12000 	D:\Schule\4DHIF\Game Development\Guntlet\bulletjme.dll
0x0000000180000000 - 0x0000000180064000 	D:\Schule\4DHIF\Game Development\Guntlet\OpenAL64.dll
0x00000000221f0000 - 0x0000000022243000 	D:\Schule\4DHIF\Game Development\Guntlet\lwjgl64.dll
0x00007ffcd16b0000 - 0x00007ffcd23fa000 	C:\WINDOWS\System32\DriverStore\FileRepository\igdlh64.inf_amd64_463164d40c3d26ce\ig9icd64.dll
0x00007ffd23ff0000 - 0x00007ffd24003000 	C:\WINDOWS\SYSTEM32\WTSAPI32.dll
0x00007ffd1cb40000 - 0x00007ffd1cbed000 	C:\WINDOWS\SYSTEM32\mscms.dll
0x00007ffd2b290000 - 0x00007ffd2b2b8000 	C:\WINDOWS\SYSTEM32\USERENV.dll
0x00007ffd20700000 - 0x00007ffd20710000 	C:\WINDOWS\SYSTEM32\ColorAdapterClient.dll
0x00007ffcfd250000 - 0x00007ffcfd293000 	C:\WINDOWS\SYSTEM32\icm32.dll
0x00007ffd1b020000 - 0x00007ffd1c17d000 	C:\WINDOWS\System32\DriverStore\FileRepository\igdlh64.inf_amd64_463164d40c3d26ce\igc64.dll
0x00007ffd2a0e0000 - 0x00007ffd2a1a2000 	C:\WINDOWS\SYSTEM32\dxgi.dll
0x00007ffd252c0000 - 0x00007ffd2553e000 	C:\WINDOWS\SYSTEM32\d3d11.dll
0x00007ffd2c180000 - 0x00007ffd2c1a6000 	C:\WINDOWS\System32\bcrypt.dll
0x00007ffd2d250000 - 0x00007ffd2d2f2000 	C:\WINDOWS\System32\clbcatq.dll
0x00007ffd20710000 - 0x00007ffd20780000 	C:\WINDOWS\System32\MMDevApi.dll
0x00007ffd2b170000 - 0x00007ffd2b199000 	C:\WINDOWS\System32\DEVOBJ.dll
0x00007ffd23dc0000 - 0x00007ffd23f68000 	C:\WINDOWS\System32\PROPSYS.dll
0x00007ffcf4e30000 - 0x00007ffcf4ec6000 	C:\WINDOWS\SYSTEM32\dsound.dll
0x00007ffd1eaa0000 - 0x00007ffd1ebe8000 	C:\WINDOWS\SYSTEM32\AUDIOSES.DLL
0x00007ffd23b90000 - 0x00007ffd23b9a000 	C:\WINDOWS\SYSTEM32\AVRT.dll
0x00007ffcff920000 - 0x00007ffcff951000 	D:\Programme\JMonkeyEngine\jdk\jre\bin\jpeg.dll
0x00007ffd20cc0000 - 0x00007ffd20e78000 	C:\WINDOWS\SYSTEM32\WindowsCodecs.dll
0x00007ffd0c080000 - 0x00007ffd0c0d6000 	C:\WINDOWS\system32\dataexchange.dll
0x00007ffd25b00000 - 0x00007ffd25cc3000 	C:\WINDOWS\system32\dcomp.dll
0x00007ffd26680000 - 0x00007ffd2688d000 	C:\WINDOWS\system32\twinapi.appcore.dll
0x00007ffd268c0000 - 0x00007ffd268e8000 	C:\WINDOWS\system32\RMCLIENT.dll
0x00007ffd26bd0000 - 0x00007ffd26dbd000 	C:\WINDOWS\SYSTEM32\dbghelp.dll

VM Arguments:
jvm_args: -Dfile.encoding=UTF-8 
java_command: main.Main
java_class_path (initial): D:\Programme\JMonkeyEngine\jmonkeyplatform\libs\jme3-jogg-3.2.2-stable.jar;D:\Programme\JMonkeyEngine\jmonkeyplatform\libs\j-ogg-all-1.0.0.jar;D:\Programme\JMonkeyEngine\jmonkeyplatform\libs\jme3-networking-3.2.2-stable.jar;D:\Programme\JMonkeyEngine\jmonkeyplatform\libs\jme3-plugins-3.2.2-stable.jar;D:\Programme\JMonkeyEngine\jmonkeyplatform\libs\gson-2.8.1.jar;D:\Programme\JMonkeyEngine\jmonkeyplatform\libs\jme3-core-3.2.2-stable.jar;D:\Programme\JMonkeyEngine\jmonkeyplatform\libs\jme3-desktop-3.2.2-stable.jar;D:\Programme\JMonkeyEngine\jmonkeyplatform\libs\jme3-lwjgl-3.2.2-stable.jar;D:\Programme\JMonkeyEngine\jmonkeyplatform\libs\lwjgl-2.9.3.jar;D:\Programme\JMonkeyEngine\jmonkeyplatform\libs\jinput-2.0.5.jar;D:\Programme\JMonkeyEngine\jmonkeyplatform\libs\jinput-platform-2.0.5-natives-linux.jar;D:\Programme\JMonkeyEngine\jmonkeyplatform\libs\jinput-platform-2.0.5-natives-windows.jar;D:\Programme\JMonkeyEngine\jmonkeyplatform\libs\jinput-platform-2.0.5-natives-osx.jar;D:\Programme\JMonkeyEngine\jmonkeyplatform\libs\jutils-1.0.0.jar;D:\Programme\JMonkeyEngine\jmonkeyplatform\libs\lwjgl-platform-2.9.3-natives-windows.jar;D:\Programme\JMonkeyEngine\jmonkeyplatform\libs\lwjgl-platform-2.9.3-natives-linux.jar;D:\Programme\JMonkeyEngine\jmonkeyplatform\libs\lwjgl-platform-2.9.3-natives-osx.jar;D:\Programme\JMonkeyEngine\jmonkeyplatform\libs\jme3-effects-3.2.2-stable.jar;D:\Programme\JMonkeyEngine\jmonkeyplatform\libs\jme3-terrain-3.2.2-stable.jar;D:\Programme\JMonkeyEngine\jmonkeyplatform\libs\jme3-bullet-3.2.2-stable.jar;D:\Programme\JMonkeyEngine\jmonkeyplatform\libs\jme3-bullet-native-3.2.2-stable.jar;D:\Programme\JMonkeyEngine\jmonkeyplatform\libs\jme3-blender-3.2.2-stable.jar;D:\Programme\JMonkeyEngine\jmonkeyplatform\libs\core-0.27.jar;D:\Programme\JMonkeyEngine\jmonkeyplatform\libs\dense64-0.27.jar;D:\Programme\JMonkeyEngine\jmonkeyplatform\libs\simple-0.27.jar;D:\Programme\JMonkeyEngine\jmonkeyplatform\libs\denseC64-0.27.jar;D:\Sch
Launcher Type: SUN_STANDARD

Environment Variables:
PATH=D:\Programme\Oracle-Database-11g\app\oracle\product\11.2.0\server\bin;D:\Programme\Python\Scripts\;D:\Programme\Python\;C:\Users\Larsen\AppData\Local\Programs\Python\Python37-32\Scripts\;C:\Users\Larsen\AppData\Local\Programs\Python\Python37-32\;C:\Program Files (x86)\Common Files\Oracle\Java\javapath;C:\ProgramData\Oracle\Java\javapath;C:\Program Files (x86)\Intel\iCLS Client\;C:\Program Files\Intel\iCLS Client\;C:\Windows\system32;C:\Windows;C:\Windows\System32\Wbem;C:\Windows\System32\WindowsPowerShell\v1.0\;C:\Program Files (x86)\Intel\Intel(R) Management Engine Components\DAL;C:\Program Files\Intel\Intel(R) Management Engine Components\DAL;C:\Program Files (x86)\Intel\Intel(R) Management Engine Components\IPT;C:\Program Files\Intel\Intel(R) Management Engine Components\IPT;C:\WINDOWS\system32;C:\WINDOWS;C:\WINDOWS\System32\Wbem;C:\WINDOWS\System32\WindowsPowerShell\v1.0\;C:\Program Files\Microsoft SQL Server\130\Tools\Binn\;C:\Program Files (x86)\Windows Live\Shared;C:\WINDOWS\System32\OpenSSH\;C:\Program Files\Intel\WiFi\bin\;C:\Program Files\Common Files\Intel\WirelessCommon\;C:\Program Files\NVIDIA Corporation\NVIDIA NvDLISR;C:\Program Files (x86)\Google\Chromedriver\;C:\Program Files\dotnet\;D:\Programme\Microsoft VS Code\bin;D:\Programme\Git\cmd;D:\Programme\PostgreSQL\pg11\bin;D:\Programme\PHP;C:\Program Files (x86)\NVIDIA Corporation\PhysX\Common;D:\Programme\Flutter;;%SystemRoot%\system32;%SystemRoot%;%SystemRoot%\System32\Wbem;%SYSTEMROOT%\System32\WindowsPowerShell\v1.0\;%SYSTEMROOT%\System32\OpenSSH\;C:\Users\Larsen\AppData\Local\Microsoft\WindowsApps;D:\Programme\Microsoft VS Code\bin;C:\Program Files\Intel\WiFi\bin\;C:\Program Files\Common Files\Intel\WirelessCommon\;C:\Program Files (x86)\Google\Chromedriver\chromedriver.exe;C:\Users\Larsen\.dotnet\tools;D:\Programme\JetBrains\IntelliJ IDEA 2018.3.4\bin;C:\Users\Larsen\AppData\Local\GitHubDesktop\bin;%USERPROFILE%\AppData\Local\Microsoft\WindowsApps;
USERNAME=Larsen
OS=Windows_NT
PROCESSOR_IDENTIFIER=Intel64 Family 6 Model 158 Stepping 9, GenuineIntel



---------------  S Y S T E M  ---------------

OS: Windows 10.0 , 64 bit Build 17763 (10.0.17763.475)

CPU:total 8 (initial active 8) (4 cores per cpu, 2 threads per core) family 6 model 158 stepping 9, cmov, cx8, fxsr, mmx, sse, sse2, sse3, ssse3, sse4.1, sse4.2, popcnt, avx, avx2, aes, clmul, erms, 3dnowpref, lzcnt, ht, tsc, tscinvbit, bmi1, bmi2, adx

Memory: 4k page, physical 16659268k(8401084k free), swap 16843472k(4754068k free)

vm_info: Java HotSpot(TM) 64-Bit Server VM (25.192-b12) for windows-amd64 JRE (1.8.0_192-b12), built on Oct  6 2018 17:12:23 by "java_re" with MS VC++ 10.0 (VS2010)

time: Thu May 23 12:01:07 2019
timezone: Mitteleuropäische Sommerzeit
elapsed time: 4 seconds (0d 0h 0m 4s)

